<?xml version="1.0" encoding="utf-8"?>
<TestRun id="ac201da9-3804-4dce-b69a-227a9657806d" name="@chreke-mac 2022-06-16 19:23:12" xmlns="http://microsoft.com/schemas/VisualStudio/TeamTest/2010">
  <Times creation="2022-06-16T19:23:12.6382220+02:00" queuing="2022-06-16T19:23:12.6382220+02:00" start="2022-06-16T19:23:10.1963790+02:00" finish="2022-06-16T19:23:12.6387170+02:00" />
  <TestSettings name="default" id="fa01ea31-e648-4bfe-9147-c612b2bf8b18">
    <Deployment runDeploymentRoot="_chreke-mac_2022-06-16_19_23_12" />
  </TestSettings>
  <TestLists>
    <TestList name="Results Not in a List" id="8c84fa94-04c1-424b-9868-57a2d4851a1d" />
    <TestList name="All Loaded Results" id="19431567-8539-422a-85d7-44ee4e166bda" />
  </TestLists>
  <ResultSummary outcome="Failed">
    <Counters total="0" executed="0" passed="0" failed="0" error="0" timeout="0" aborted="0" inconclusive="0" passedButRunAborted="0" notRunnable="0" notExecuted="0" disconnected="0" warning="0" completed="0" inProgress="0" pending="0" />
    <Output>
      <StdOut>[xUnit.net 00:00:00.00] xUnit.net VSTest Adapter v2.4.3+1b45f5407b (64-bit .NET 6.0.5)
[xUnit.net 00:00:00.75]   Discovering: FLispTests
[xUnit.net 00:00:00.83]   Discovered:  FLispTests
[xUnit.net 00:00:00.84]   Starting:    FLispTests
</StdOut>
    </Output>
    <RunInfos>
      <RunInfo computerName="chreke-mac" outcome="Error" timestamp="2022-06-16T19:23:12.6024330+02:00">
        <Text>The active test run was aborted. Reason: Test host process crashed : Stack overflow.
Repeat 1333 times:
--------------------------------
   at Reader.readForm(Microsoft.FSharp.Collections.FSharpList`1&lt;System.String&gt;)
--------------------------------
   at Reader.read(System.String)
   at Tests.read program and then print it back(System.String)
   at System.RuntimeMethodHandle.InvokeMethod(System.Object, System.Span`1&lt;System.Object&gt; ByRef, System.Signature, Boolean, Boolean)
   at System.Reflection.RuntimeMethodInfo.Invoke(System.Object, System.Reflection.BindingFlags, System.Reflection.Binder, System.Object[], System.Globalization.CultureInfo)
   at System.Reflection.MethodBase.Invoke(System.Object, System.Object[])
   at Xunit.Sdk.TestInvoker`1[[System.__Canon, System.Private.CoreLib, Version=6.0.0.0, Culture=neutral, PublicKeyToken=7cec85d7bea7798e]].CallTestMethod(System.Object)
   at Xunit.Sdk.TestInvoker`1+&lt;&gt;c__DisplayClass48_1+&lt;&lt;InvokeTestMethodAsync&gt;b__1&gt;d[[System.__Canon, System.Private.CoreLib, Version=6.0.0.0, Culture=neutral, PublicKeyToken=7cec85d7bea7798e]].MoveNext()
   at System.Runtime.CompilerServices.AsyncMethodBuilderCore.Start[[Xunit.Sdk.TestInvoker`1+&lt;&gt;c__DisplayClass48_1+&lt;&lt;InvokeTestMethodAsync&gt;b__1&gt;d[[System.__Canon, System.Private.CoreLib, Version=6.0.0.0, Culture=neutral, PublicKeyToken=7cec85d7bea7798e]], xunit.execution.dotnet, Version=2.4.1.0, Culture=neutral, PublicKeyToken=8d05b1bb7a6fdb6c]](&lt;&lt;InvokeTestMethodAsync&gt;b__1&gt;d&lt;System.__Canon&gt; ByRef)
   at System.Runtime.CompilerServices.AsyncTaskMethodBuilder.Start[[Xunit.Sdk.TestInvoker`1+&lt;&gt;c__DisplayClass48_1+&lt;&lt;InvokeTestMethodAsync&gt;b__1&gt;d[[System.__Canon, System.Private.CoreLib, Version=6.0.0.0, Culture=neutral, PublicKeyToken=7cec85d7bea7798e]], xunit.execution.dotnet, Version=2.4.1.0, Culture=neutral, PublicKeyToken=8d05b1bb7a6fdb6c]](&lt;&lt;InvokeTestMethodAsync&gt;b__1&gt;d&lt;System.__Canon&gt; ByRef)
   at Xunit.Sdk.TestInvoker`1+&lt;&gt;c__DisplayClass48_1[[System.__Canon, System.Private.CoreLib, Version=6.0.0.0, Culture=neutral, PublicKeyToken=7cec85d7bea7798e]].&lt;InvokeTestMethodAsync&gt;b__1()
   at Xunit.Sdk.ExecutionTimer+&lt;AggregateAsync&gt;d__4.MoveNext()
   at System.Runtime.CompilerServices.AsyncMethodBuilderCore.Start[[Xunit.Sdk.ExecutionTimer+&lt;AggregateAsync&gt;d__4, xunit.execution.dotnet, Version=2.4.1.0, Culture=neutral, PublicKeyToken=8d05b1bb7a6fdb6c]](&lt;AggregateAsync&gt;d__4 ByRef)
   at System.Runtime.CompilerServices.AsyncTaskMethodBuilder.Start[[Xunit.Sdk.ExecutionTimer+&lt;AggregateAsync&gt;d__4, xunit.execution.dotnet, Version=2.4.1.0, Culture=neutral, PublicKeyToken=8d05b1bb7a6fdb6c]](&lt;AggregateAsync&gt;d__4 ByRef)
   at Xunit.Sdk.ExecutionTimer.AggregateAsync(System.Func`1&lt;System.Threading.Tasks.Task&gt;)
   at Xunit.Sdk.TestInvoker`1+&lt;&gt;c__DisplayClass48_1[[System.__Canon, System.Private.CoreLib, Version=6.0.0.0, Culture=neutral, PublicKeyToken=7cec85d7bea7798e]].&lt;InvokeTestMethodAsync&gt;b__0()
   at Xunit.Sdk.ExceptionAggregator+&lt;RunAsync&gt;d__9.MoveNext()
   at System.Runtime.CompilerServices.AsyncMethodBuilderCore.Start[[Xunit.Sdk.ExceptionAggregator+&lt;RunAsync&gt;d__9, xunit.core, Version=2.4.1.0, Culture=neutral, PublicKeyToken=8d05b1bb7a6fdb6c]](&lt;RunAsync&gt;d__9 ByRef)
   at System.Runtime.CompilerServices.AsyncTaskMethodBuilder.Start[[Xunit.Sdk.ExceptionAggregator+&lt;RunAsync&gt;d__9, xunit.core, Version=2.4.1.0, Culture=neutral, PublicKeyToken=8d05b1bb7a6fdb6c]](&lt;RunAsync&gt;d__9 ByRef)
   at Xunit.Sdk.ExceptionAggregator.RunAsync(System.Func`1&lt;System.Threading.Tasks.Task&gt;)
   at Xunit.Sdk.TestInvoker`1+&lt;InvokeTestMethodAsync&gt;d__48[[System.__Canon, System.Private.CoreLib, Version=6.0.0.0, Culture=neutral, PublicKeyToken=7cec85d7bea7798e]].MoveNext()
   at System.Runtime.CompilerServices.AsyncMethodBuilderCore.Start[[Xunit.Sdk.TestInvoker`1+&lt;InvokeTestMethodAsync&gt;d__48[[System.__Canon, System.Private.CoreLib, Version=6.0.0.0, Culture=neutral, PublicKeyToken=7cec85d7bea7798e]], xunit.execution.dotnet, Version=2.4.1.0, Culture=neutral, PublicKeyToken=8d05b1bb7a6fdb6c]](&lt;InvokeTestMethodAsync&gt;d__48&lt;System.__Canon&gt; ByRef)
   at System.Runtime.CompilerServices.AsyncTaskMethodBuilder`1[[System.Decimal, System.Private.CoreLib, Version=6.0.0.0, Culture=neutral, PublicKeyToken=7cec85d7bea7798e]].Start[[Xunit.Sdk.TestInvoker`1+&lt;InvokeTestMethodAsync&gt;d__48[[System.__Canon, System.Private.CoreLib, Version=6.0.0.0, Culture=neutral, PublicKeyToken=7cec85d7bea7798e]], xunit.execution.dotnet, Version=2.4.1.0, Culture=neutral, PublicKeyToken=8d05b1bb7a6fdb6c]](&lt;InvokeTestMethodAsync&gt;d__48&lt;System.__Canon&gt; ByRef)
   at Xunit.Sdk.TestInvoker`1[[System.__Canon, System.Private.CoreLib, Version=6.0.0.0, Culture=neutral, PublicKeyToken=7cec85d7bea7798e]].InvokeTestMethodAsync(System.Object)
   at Xunit.Sdk.XunitTestInvoker.InvokeTestMethodAsync(System.Object)
   at Xunit.Sdk.TestInvoker`1+&lt;&lt;RunAsync&gt;b__47_0&gt;d[[System.__Canon, System.Private.CoreLib, Version=6.0.0.0, Culture=neutral, PublicKeyToken=7cec85d7bea7798e]].MoveNext()
   at System.Runtime.CompilerServices.AsyncMethodBuilderCore.Start[[Xunit.Sdk.TestInvoker`1+&lt;&lt;RunAsync&gt;b__47_0&gt;d[[System.__Canon, System.Private.CoreLib, Version=6.0.0.0, Culture=neutral, PublicKeyToken=7cec85d7bea7798e]], xunit.execution.dotnet, Version=2.4.1.0, Culture=neutral, PublicKeyToken=8d05b1bb7a6fdb6c]](&lt;&lt;RunAsync&gt;b__47_0&gt;d&lt;System.__Canon&gt; ByRef)
   at System.Runtime.CompilerServices.AsyncTaskMethodBuilder`1[[System.Decimal, System.Private.CoreLib, Version=6.0.0.0, Culture=neutral, PublicKeyToken=7cec85d7bea7798e]].Start[[Xunit.Sdk.TestInvoker`1+&lt;&lt;RunAsync&gt;b__47_0&gt;d[[System.__Canon, System.Private.CoreLib, Version=6.0.0.0, Culture=neutral, PublicKeyToken=7cec85d7bea7798e]], xunit.execution.dotnet, Version=2.4.1.0, Culture=neutral, PublicKeyToken=8d05b1bb7a6fdb6c]](&lt;&lt;RunAsync&gt;b__47_0&gt;d&lt;System.__Canon&gt; ByRef)
   at Xunit.Sdk.TestInvoker`1[[System.__Canon, System.Private.CoreLib, Version=6.0.0.0, Culture=neutral, PublicKeyToken=7cec85d7bea7798e]].&lt;RunAsync&gt;b__47_0()
   at Xunit.Sdk.ExceptionAggregator+&lt;RunAsync&gt;d__10`1[[System.Decimal, System.Private.CoreLib, Version=6.0.0.0, Culture=neutral, PublicKeyToken=7cec85d7bea7798e]].MoveNext()
   at System.Runtime.CompilerServices.AsyncMethodBuilderCore.Start[[Xunit.Sdk.ExceptionAggregator+&lt;RunAsync&gt;d__10`1[[System.Decimal, System.Private.CoreLib, Version=6.0.0.0, Culture=neutral, PublicKeyToken=7cec85d7bea7798e]], xunit.core, Version=2.4.1.0, Culture=neutral, PublicKeyToken=8d05b1bb7a6fdb6c]](&lt;RunAsync&gt;d__10`1&lt;System.Decimal&gt; ByRef)
   at System.Runtime.CompilerServices.AsyncTaskMethodBuilder`1[[System.Decimal, System.Private.CoreLib, Version=6.0.0.0, Culture=neutral, PublicKeyToken=7cec85d7bea7798e]].Start[[Xunit.Sdk.ExceptionAggregator+&lt;RunAsync&gt;d__10`1[[System.Decimal, System.Private.CoreLib, Version=6.0.0.0, Culture=neutral, PublicKeyToken=7cec85d7bea7798e]], xunit.core, Version=2.4.1.0, Culture=neutral, PublicKeyToken=8d05b1bb7a6fdb6c]](&lt;RunAsync&gt;d__10`1&lt;System.Decimal&gt; ByRef)
   at Xunit.Sdk.ExceptionAggregator.RunAsync[[System.Decimal, System.Private.CoreLib, Version=6.0.0.0, Culture=neutral, PublicKeyToken=7cec85d7bea7798e]](System.Func`1&lt;System.Threading.Tasks.Task`1&lt;System.Decimal&gt;&gt;)
   at Xunit.Sdk.TestInvoker`1[[System.__Canon, System.Private.CoreLib, Version=6.0.0.0, Culture=neutral, PublicKeyToken=7cec85d7bea7798e]].RunAsync()
   at Xunit.Sdk.XunitTestRunner.InvokeTestMethodAsync(Xunit.Sdk.ExceptionAggregator)
   at Xunit.Sdk.XunitTestRunner+&lt;InvokeTestAsync&gt;d__4.MoveNext()
   at System.Runtime.CompilerServices.AsyncMethodBuilderCore.Start[[Xunit.Sdk.XunitTestRunner+&lt;InvokeTestAsync&gt;d__4, xunit.execution.dotnet, Version=2.4.1.0, Culture=neutral, PublicKeyToken=8d05b1bb7a6fdb6c]](&lt;InvokeTestAsync&gt;d__4 ByRef)
   at System.Runtime.CompilerServices.AsyncTaskMethodBuilder`1[[System.__Canon, System.Private.CoreLib, Version=6.0.0.0, Culture=neutral, PublicKeyToken=7cec85d7bea7798e]].Start[[Xunit.Sdk.XunitTestRunner+&lt;InvokeTestAsync&gt;d__4, xunit.execution.dotnet, Version=2.4.1.0, Culture=neutral, PublicKeyToken=8d05b1bb7a6fdb6c]](&lt;InvokeTestAsync&gt;d__4 ByRef)
   at Xunit.Sdk.XunitTestRunner.InvokeTestAsync(Xunit.Sdk.ExceptionAggregator)
   at Xunit.Sdk.TestRunner`1+&lt;&gt;c__DisplayClass43_0[[System.__Canon, System.Private.CoreLib, Version=6.0.0.0, Culture=neutral, PublicKeyToken=7cec85d7bea7798e]].&lt;RunAsy</Text>
      </RunInfo>
    </RunInfos>
  </ResultSummary>
</TestRun>